<?xml version="1.0" encoding="UTF-8"?>
<!-- Generated by org.testng.reporters.JUnitReportReporter -->
<testsuite hostname="CBB-WS0100" name="orange_tests.EmployeeTest" tests="1" failures="0" timestamp="24 May 2018 23:25:27 GMT" time="8.179" errors="0">
  <testcase name="verifyEmployeeCreation" time="8.179" classname="orange_tests.EmployeeTest"/>
</testsuite> <!-- orange_tests.EmployeeTest -->
